[debug] [2019-09-09T18:41:33.446Z] ----------------------------------------------------------------------
[debug] [2019-09-09T18:41:33.449Z] Command:       C:\Program Files\nodejs\node.exe C:\Users\medam\AppData\Roaming\npm\node_modules\firebase-tools\lib\bin\firebase.js functions:shell
[debug] [2019-09-09T18:41:33.450Z] CLI Version:   7.3.1
[debug] [2019-09-09T18:41:33.450Z] Platform:      win32
[debug] [2019-09-09T18:41:33.450Z] Node Version:  v8.9.4
[debug] [2019-09-09T18:41:33.451Z] Time:          Mon Sep 09 2019 19:41:33 GMT+0100 (GMT Daylight Time)
[debug] [2019-09-09T18:41:33.451Z] ----------------------------------------------------------------------
[debug] 
[debug] [2019-09-09T18:41:33.462Z] > command requires scopes: ["email","openid","https://www.googleapis.com/auth/cloudplatformprojects.readonly","https://www.googleapis.com/auth/firebase","https://www.googleapis.com/auth/cloud-platform"]
[debug] [2019-09-09T18:41:33.463Z] > authorizing via signed-in user
[debug] [2019-09-09T18:41:33.463Z] [iam] checking project pwagram-9f355 for permissions ["firebase.projects.get"]
[debug] [2019-09-09T18:41:33.466Z] >>> HTTP REQUEST POST https://cloudresourcemanager.googleapis.com/v1/projects/pwagram-9f355:testIamPermissions  

[debug] [2019-09-09T18:41:34.667Z] <<< HTTP RESPONSE 200
[debug] [2019-09-09T18:41:34.752Z] [functions] Using node@8 from host.
[info] +  functions: Emulator started at http://localhost:5000
[debug] [2019-09-09T18:41:35.123Z] [functions] Watching "E:\Amine\Development\Projects\PWA\course-project-starting-setup\functions" for Cloud Functions...
[debug] [2019-09-09T18:41:36.115Z] DEBUG: [runtime-status] Functions runtime initialized. {"cwd":"E:\\Amine\\Development\\Projects\\PWA\\course-project-starting-setup\\functions","node_version":"8.9.4"}
[debug] [2019-09-09T18:41:36.115Z] DEBUG: [runtime-status] Disabled runtime features: {"functions_config_helper":true,"network_filtering":true,"timeout":true,"memory_limiting":true,"admin_stubs":true} {}
[warn] !  The Cloud Functions emulator requires the module "firebase-admin" to be installed. This package is in your package.json, but it's not available. You probably need to run "npm install" in your functions directory.
[debug] [2019-09-09T18:41:36.120Z] [functions] Your functions could not be parsed due to an issue with your node_modules (see above)
